============================= test session starts ==============================
platform darwin -- Python 3.13.7, pytest-8.4.2, pluggy-1.6.0 -- /Users/tharun/Downloads/BrosCode-master-2/testing/.venv/bin/python3.13
cachedir: .pytest_cache
rootdir: /Users/tharun/Downloads/BrosCode-master-2/testing
configfile: pytest.ini
collecting ... collected 30 items / 1 deselected / 29 selected

testing/test_cart_functionality.py::test_cart_icon_visible ‚úÖ Cart icon is visible
PASSED
testing/test_cart_functionality.py::test_open_cart_sidebar ‚úÖ Cart sidebar opened
PASSED
testing/test_cart_functionality.py::test_guest_cart_interaction ‚úÖ Guest cart is empty initially
PASSED
testing/test_cart_functionality.py::test_authenticated_cart_persistence ‚úÖ Authenticated user cart data retrieved
PASSED
testing/test_cart_functionality.py::test_cart_badge_updates ‚úÖ Cart badge not shown (empty cart)
PASSED
testing/test_forms.py::test_signin_form_validation ‚úÖ Signin form validation attributes present
PASSED
testing/test_forms.py::test_signup_form_exists ‚úÖ Signup form has all required fields
PASSED
testing/test_forms.py::test_password_visibility_toggle ‚úÖ Password visibility toggle works
PASSED
testing/test_forms.py::test_form_submission_with_empty_fields ‚úÖ Form validation prevents empty submission
PASSED
testing/test_forms.py::test_invalid_email_format ‚úÖ Invalid email format is caught by validation
PASSED
testing/test_forms.py::test_remember_me_checkbox ‚úÖ Remember me checkbox works
PASSED
testing/test_forms.py::test_google_signin_button_exists ‚úÖ Google sign in button found
PASSED
testing/test_load.py::test_concurrent_homepage_load 
üîÑ Testing with 5 concurrent users...
‚úÖ User load time: 1.61s
‚úÖ User load time: 1.58s
‚úÖ User load time: 4.75s
‚úÖ User load time: 4.49s
‚úÖ User load time: 5.19s

üìä Results:
   Successful loads: 5/5
   Average load time: 3.53s
   Success rate: 100.0%
PASSED
testing/test_load.py::test_sequential_page_loads 
üîÑ Testing sequential page loads...
‚úÖ /: 4.68s
‚úÖ /collections/allproducts: 1.42s
‚úÖ /collections/best-sellers: 1.27s
‚úÖ /collections/suggested: 3.73s
‚úÖ /signin: 1.24s
‚úÖ /signup: 1.24s

üìä Results:
   Successful loads: 6/6
   Average load time: 2.27s
PASSED
testing/test_load.py::test_rapid_page_navigation 
üîÑ Testing rapid navigation...
   Round 1 - /: 4.34s
   Round 1 - /collections/allproducts: 0.05s
   Round 1 - /collections/best-sellers: 0.04s
   Round 1 - /signin: 0.04s
   Round 2 - /: 0.04s
   Round 2 - /collections/allproducts: 0.04s
   Round 2 - /collections/best-sellers: 0.04s
   Round 2 - /signin: 0.04s
   Round 3 - /: 0.04s
   Round 3 - /collections/allproducts: 0.04s
   Round 3 - /collections/best-sellers: 0.04s
   Round 3 - /signin: 0.05s
‚úÖ Rapid navigation test completed
PASSED
testing/test_load.py::test_stress_signin_page 
üîÑ Stress testing signin page with 10 requests...
‚úÖ Request 1: 0.80s
‚úÖ Request 2: 1.12s
‚úÖ Request 3: 1.49s
‚úÖ Request 4: 0.93s
‚úÖ Request 5: 1.74s
‚úÖ Request 6: 1.31s
‚úÖ Request 7: 1.54s
‚úÖ Request 8: 1.25s
‚úÖ Request 9: 1.51s
‚úÖ Request 10: 1.29s

üìä Stress Test Results:
   Total requests: 10
   Successful: 10
   Failed: 0
   Average load time: 1.30s
   Min load time: 0.80s
   Max load time: 1.74s
PASSED
testing/test_login.py::test_login_success_multiple_times[success] 
üîÑ Running login test iteration 1/3
‚úÖ Iteration 1/3 passed

üîÑ Running login test iteration 2/3
‚úÖ Iteration 2/3 passed

üîÑ Running login test iteration 3/3
‚úÖ Iteration 3/3 passed
PASSED
testing/test_login.py::test_login_invalid_password_multiple_times 
üîÑ Running invalid password test iteration 1/3
‚úÖ Iteration 1/3 passed

üîÑ Running invalid password test iteration 2/3
‚úÖ Iteration 2/3 passed

üîÑ Running invalid password test iteration 3/3
‚úÖ Iteration 3/3 passed
PASSED
testing/test_navigation.py::test_homepage_loads ‚úÖ Homepage loaded successfully
PASSED
testing/test_navigation.py::test_navigation_links ‚úÖ Suggested For You navigation works
‚úÖ Best Sellers navigation works
‚úÖ All Products navigation works
PASSED
testing/test_navigation.py::test_footer_exists ‚úÖ Footer is present
PASSED
testing/test_navigation.py::test_signin_signup_links ‚úÖ Sign in navigation works
‚úÖ Sign up navigation works
PASSED
testing/test_products.py::test_products_page_loads FAILED
testing/test_products.py::test_product_grid_displays ‚úÖ Product grid found with 2 grid containers
PASSED
testing/test_products.py::test_product_images_load ‚úÖ Found 12 images on products page
PASSED
testing/test_products.py::test_best_sellers_page FAILED
testing/test_products.py::test_suggested_page FAILED
testing/test_products.py::test_product_click_navigation ‚ö†Ô∏è No product links found to test navigation
PASSED
testing/test_products.py::test_search_functionality_exists ‚úÖ Search functionality icon found
PASSED

=================================== FAILURES ===================================
/Users/tharun/Downloads/BrosCode-master-2/testing/.venv/lib/python3.13/site-packages/selenium/webdriver/support/wait.py:138: selenium.common.exceptions.TimeoutException: Message:
/Users/tharun/Downloads/BrosCode-master-2/testing/.venv/lib/python3.13/site-packages/selenium/webdriver/support/wait.py:138: selenium.common.exceptions.TimeoutException: Message:
/Users/tharun/Downloads/BrosCode-master-2/testing/.venv/lib/python3.13/site-packages/selenium/webdriver/support/wait.py:138: selenium.common.exceptions.TimeoutException: Message:
=========================== short test summary info ============================
FAILED testing/test_products.py::test_products_page_loads - selenium.common.exceptions.TimeoutException: Message: 
Stacktrace:
0   chromedriver                        0x0000000104fb73b8 cxxbridge1$str$ptr + 2941356
1   chromedriver                        0x0000000104faf074 cxxbridge1$str$ptr + 2907752
2   chromedriver                        0x0000000104ac62c4 _RNvCsgXDX2mvAJAg_7___rustc35___rust_no_alloc_shim_is_unstable_v2 + 74028
3   chromedriver                        0x0000000104b0d8b4 _RNvCsgXDX2mvAJAg_7___rustc35___rust_no_alloc_shim_is_unstable_v2 + 366364
4   chromedriver                        0x0000000104b4ed84 _RNvCsgXDX2mvAJAg_7___rustc35___rust_no_alloc_shim_is_unstable_v2 + 633836
5   chromedriver                        0x0000000104b01f18 _RNvCsgXDX2mvAJAg_7___rustc35___rust_no_alloc_shim_is_unstable_v2 + 318848
6   chromedriver                        0x0000000104f797fc cxxbridge1$str$ptr + 2688496
7   chromedriver                        0x0000000104f7d018 cxxbridge1$str$ptr + 2702860
8   chromedriver                        0x0000000104f5a614 cxxbridge1$str$ptr + 2561032
9   chromedriver                        0x0000000104f7d8f0 cxxbridge1$str$ptr + 2705124
10  chromedriver                        0x0000000104f4beb4 cxxbridge1$str$ptr + 2501800
11  chromedriver                        0x0000000104f9da20 cxxbridge1$str$ptr + 2836500
12  chromedriver                        0x0000000104f9dba4 cxxbridge1$str$ptr + 2836888
13  chromedriver                        0x0000000104faecc4 cxxbridge1$str$ptr + 2906808
14  libsystem_pthread.dylib             0x0000000183264c08 _pthread_start + 136
15  libsystem_pthread.dylib             0x000000018325fba8 thread_start + 8
FAILED testing/test_products.py::test_best_sellers_page - selenium.common.exceptions.TimeoutException: Message: 
Stacktrace:
0   chromedriver                        0x0000000102a4f3b8 cxxbridge1$str$ptr + 2941356
1   chromedriver                        0x0000000102a47074 cxxbridge1$str$ptr + 2907752
2   chromedriver                        0x000000010255e2c4 _RNvCsgXDX2mvAJAg_7___rustc35___rust_no_alloc_shim_is_unstable_v2 + 74028
3   chromedriver                        0x00000001025a58b4 _RNvCsgXDX2mvAJAg_7___rustc35___rust_no_alloc_shim_is_unstable_v2 + 366364
4   chromedriver                        0x00000001025e6d84 _RNvCsgXDX2mvAJAg_7___rustc35___rust_no_alloc_shim_is_unstable_v2 + 633836
5   chromedriver                        0x0000000102599f18 _RNvCsgXDX2mvAJAg_7___rustc35___rust_no_alloc_shim_is_unstable_v2 + 318848
6   chromedriver                        0x0000000102a117fc cxxbridge1$str$ptr + 2688496
7   chromedriver                        0x0000000102a15018 cxxbridge1$str$ptr + 2702860
8   chromedriver                        0x00000001029f2614 cxxbridge1$str$ptr + 2561032
9   chromedriver                        0x0000000102a158f0 cxxbridge1$str$ptr + 2705124
10  chromedriver                        0x00000001029e3eb4 cxxbridge1$str$ptr + 2501800
11  chromedriver                        0x0000000102a35a20 cxxbridge1$str$ptr + 2836500
12  chromedriver                        0x0000000102a35ba4 cxxbridge1$str$ptr + 2836888
13  chromedriver                        0x0000000102a46cc4 cxxbridge1$str$ptr + 2906808
14  libsystem_pthread.dylib             0x0000000183264c08 _pthread_start + 136
15  libsystem_pthread.dylib             0x000000018325fba8 thread_start + 8
FAILED testing/test_products.py::test_suggested_page - selenium.common.exceptions.TimeoutException: Message: 
Stacktrace:
0   chromedriver                        0x00000001029c73b8 cxxbridge1$str$ptr + 2941356
1   chromedriver                        0x00000001029bf074 cxxbridge1$str$ptr + 2907752
2   chromedriver                        0x00000001024d62c4 _RNvCsgXDX2mvAJAg_7___rustc35___rust_no_alloc_shim_is_unstable_v2 + 74028
3   chromedriver                        0x000000010251d8b4 _RNvCsgXDX2mvAJAg_7___rustc35___rust_no_alloc_shim_is_unstable_v2 + 366364
4   chromedriver                        0x000000010255ed84 _RNvCsgXDX2mvAJAg_7___rustc35___rust_no_alloc_shim_is_unstable_v2 + 633836
5   chromedriver                        0x0000000102511f18 _RNvCsgXDX2mvAJAg_7___rustc35___rust_no_alloc_shim_is_unstable_v2 + 318848
6   chromedriver                        0x00000001029897fc cxxbridge1$str$ptr + 2688496
7   chromedriver                        0x000000010298d018 cxxbridge1$str$ptr + 2702860
8   chromedriver                        0x000000010296a614 cxxbridge1$str$ptr + 2561032
9   chromedriver                        0x000000010298d8f0 cxxbridge1$str$ptr + 2705124
10  chromedriver                        0x000000010295beb4 cxxbridge1$str$ptr + 2501800
11  chromedriver                        0x00000001029ada20 cxxbridge1$str$ptr + 2836500
12  chromedriver                        0x00000001029adba4 cxxbridge1$str$ptr + 2836888
13  chromedriver                        0x00000001029becc4 cxxbridge1$str$ptr + 2906808
14  libsystem_pthread.dylib             0x0000000183264c08 _pthread_start + 136
15  libsystem_pthread.dylib             0x000000018325fba8 thread_start + 8
============ 3 failed, 26 passed, 1 deselected in 189.83s (0:03:09) ============
